<?xml version="1.0" encoding="UTF-8"?>
<testsuite xmlns:xsi="http://www.w3.org/2001/XMLSchema-instance" xsi:noNamespaceSchemaLocation="https://maven.apache.org/surefire/maven-surefire-plugin/xsd/surefire-test-report-3.0.xsd" version="3.0" name="pe.edu.pucp.softres.business.ReservaBOTest" time="0.515" tests="13" errors="0" skipped="0" failures="0">
  <properties>
    <property name="java.specification.version" value="22"/>
    <property name="sun.cpu.isalist" value="amd64"/>
    <property name="sun.jnu.encoding" value="Cp1252"/>
    <property name="java.class.path" value="C:\Users\Rosse\Downloads\SoftRes_Backend_v13\SoftRes_Backend\SoftResBusiness\target\test-classes;C:\Users\Rosse\Downloads\SoftRes_Backend_v13\SoftRes_Backend\SoftResBusiness\target\classes;C:\Users\Rosse\.m2\repository\pe\edu\pucp\softres\SoftResModel\1.0-SNAPSHOT\SoftResModel-1.0-SNAPSHOT.jar;C:\Users\Rosse\.m2\repository\com\fasterxml\jackson\core\jackson-annotations\2.19.0\jackson-annotations-2.19.0.jar;C:\Users\Rosse\.m2\repository\jakarta\xml\bind\jakarta.xml.bind-api\3.0.1\jakarta.xml.bind-api-3.0.1.jar;C:\Users\Rosse\.m2\repository\com\sun\activation\jakarta.activation\2.0.1\jakarta.activation-2.0.1.jar;C:\Users\Rosse\.m2\repository\pe\edu\pucp\softres\SoftResParametros\1.0-SNAPSHOT\SoftResParametros-1.0-SNAPSHOT.jar;C:\Users\Rosse\.m2\repository\pe\edu\pucp\Softres\SoftResModel\1.0-SNAPSHOT\SoftResModel-1.0-SNAPSHOT.jar;C:\Users\Rosse\.m2\repository\pe\edu\pucp\softres\SoftResPersistence\1.0-SNAPSHOT\SoftResPersistence-1.0-SNAPSHOT.jar;C:\Users\Rosse\.m2\repository\pe\edu\pucp\Softres\SoftResParametros\1.0-SNAPSHOT\SoftResParametros-1.0-SNAPSHOT.jar;C:\Users\Rosse\.m2\repository\pe\edu\pucp\Softres\SoftResDBManager\1.0-SNAPSHOT\SoftResDBManager-1.0-SNAPSHOT.jar;C:\Users\Rosse\.m2\repository\commons-codec\commons-codec\1.18.0\commons-codec-1.18.0.jar;C:\Users\Rosse\.m2\repository\com\mysql\mysql-connector-j\9.2.0\mysql-connector-j-9.2.0.jar;C:\Users\Rosse\.m2\repository\com\google\protobuf\protobuf-java\4.29.0\protobuf-java-4.29.0.jar;C:\Users\Rosse\.m2\repository\org\junit\jupiter\junit-jupiter-api\5.6.0\junit-jupiter-api-5.6.0.jar;C:\Users\Rosse\.m2\repository\org\apiguardian\apiguardian-api\1.1.0\apiguardian-api-1.1.0.jar;C:\Users\Rosse\.m2\repository\org\opentest4j\opentest4j\1.2.0\opentest4j-1.2.0.jar;C:\Users\Rosse\.m2\repository\org\junit\platform\junit-platform-commons\1.6.0\junit-platform-commons-1.6.0.jar;C:\Users\Rosse\.m2\repository\org\junit\jupiter\junit-jupiter-params\5.6.0\junit-jupiter-params-5.6.0.jar;C:\Users\Rosse\.m2\repository\org\junit\jupiter\junit-jupiter-engine\5.6.0\junit-jupiter-engine-5.6.0.jar;C:\Users\Rosse\.m2\repository\org\junit\platform\junit-platform-engine\1.6.0\junit-platform-engine-1.6.0.jar;C:\Users\Rosse\.m2\repository\pe\edu\pucp\Softres\SoftResPersistence\1.0-SNAPSHOT\SoftResPersistence-1.0-SNAPSHOT.jar;"/>
    <property name="java.vm.vendor" value="Oracle Corporation"/>
    <property name="sun.arch.data.model" value="64"/>
    <property name="user.variant" value=""/>
    <property name="java.vendor.url" value="https://java.oracle.com/"/>
    <property name="user.timezone" value="America/Lima"/>
    <property name="os.name" value="Windows 11"/>
    <property name="java.vm.specification.version" value="22"/>
    <property name="user.country" value="MX"/>
    <property name="sun.java.launcher" value="SUN_STANDARD"/>
    <property name="sun.boot.library.path" value="C:\Program Files\Java\jdk-22\bin"/>
    <property name="sun.java.command" value="C:\Users\Rosse\AppData\Local\Temp\surefire7649722437679858062\surefirebooter-20250703042053226_3.jar C:\Users\Rosse\AppData\Local\Temp\surefire7649722437679858062 2025-07-03T04-20-53_049-jvmRun1 surefire-20250703042053226_1tmp surefire_0-20250703042053226_2tmp"/>
    <property name="jdk.debug" value="release"/>
    <property name="surefire.test.class.path" value="C:\Users\Rosse\Downloads\SoftRes_Backend_v13\SoftRes_Backend\SoftResBusiness\target\test-classes;C:\Users\Rosse\Downloads\SoftRes_Backend_v13\SoftRes_Backend\SoftResBusiness\target\classes;C:\Users\Rosse\.m2\repository\pe\edu\pucp\softres\SoftResModel\1.0-SNAPSHOT\SoftResModel-1.0-SNAPSHOT.jar;C:\Users\Rosse\.m2\repository\com\fasterxml\jackson\core\jackson-annotations\2.19.0\jackson-annotations-2.19.0.jar;C:\Users\Rosse\.m2\repository\jakarta\xml\bind\jakarta.xml.bind-api\3.0.1\jakarta.xml.bind-api-3.0.1.jar;C:\Users\Rosse\.m2\repository\com\sun\activation\jakarta.activation\2.0.1\jakarta.activation-2.0.1.jar;C:\Users\Rosse\.m2\repository\pe\edu\pucp\softres\SoftResParametros\1.0-SNAPSHOT\SoftResParametros-1.0-SNAPSHOT.jar;C:\Users\Rosse\.m2\repository\pe\edu\pucp\Softres\SoftResModel\1.0-SNAPSHOT\SoftResModel-1.0-SNAPSHOT.jar;C:\Users\Rosse\.m2\repository\pe\edu\pucp\softres\SoftResPersistence\1.0-SNAPSHOT\SoftResPersistence-1.0-SNAPSHOT.jar;C:\Users\Rosse\.m2\repository\pe\edu\pucp\Softres\SoftResParametros\1.0-SNAPSHOT\SoftResParametros-1.0-SNAPSHOT.jar;C:\Users\Rosse\.m2\repository\pe\edu\pucp\Softres\SoftResDBManager\1.0-SNAPSHOT\SoftResDBManager-1.0-SNAPSHOT.jar;C:\Users\Rosse\.m2\repository\commons-codec\commons-codec\1.18.0\commons-codec-1.18.0.jar;C:\Users\Rosse\.m2\repository\com\mysql\mysql-connector-j\9.2.0\mysql-connector-j-9.2.0.jar;C:\Users\Rosse\.m2\repository\com\google\protobuf\protobuf-java\4.29.0\protobuf-java-4.29.0.jar;C:\Users\Rosse\.m2\repository\org\junit\jupiter\junit-jupiter-api\5.6.0\junit-jupiter-api-5.6.0.jar;C:\Users\Rosse\.m2\repository\org\apiguardian\apiguardian-api\1.1.0\apiguardian-api-1.1.0.jar;C:\Users\Rosse\.m2\repository\org\opentest4j\opentest4j\1.2.0\opentest4j-1.2.0.jar;C:\Users\Rosse\.m2\repository\org\junit\platform\junit-platform-commons\1.6.0\junit-platform-commons-1.6.0.jar;C:\Users\Rosse\.m2\repository\org\junit\jupiter\junit-jupiter-params\5.6.0\junit-jupiter-params-5.6.0.jar;C:\Users\Rosse\.m2\repository\org\junit\jupiter\junit-jupiter-engine\5.6.0\junit-jupiter-engine-5.6.0.jar;C:\Users\Rosse\.m2\repository\org\junit\platform\junit-platform-engine\1.6.0\junit-platform-engine-1.6.0.jar;C:\Users\Rosse\.m2\repository\pe\edu\pucp\Softres\SoftResPersistence\1.0-SNAPSHOT\SoftResPersistence-1.0-SNAPSHOT.jar;"/>
    <property name="sun.cpu.endian" value="little"/>
    <property name="user.home" value="C:\Users\Rosse"/>
    <property name="user.language" value="es"/>
    <property name="java.specification.vendor" value="Oracle Corporation"/>
    <property name="java.version.date" value="2024-07-16"/>
    <property name="java.home" value="C:\Program Files\Java\jdk-22"/>
    <property name="file.separator" value="\"/>
    <property name="basedir" value="C:\Users\Rosse\Downloads\SoftRes_Backend_v13\SoftRes_Backend\SoftResBusiness"/>
    <property name="java.vm.compressedOopsMode" value="Zero based"/>
    <property name="line.separator" value="&#10;"/>
    <property name="java.vm.specification.vendor" value="Oracle Corporation"/>
    <property name="java.specification.name" value="Java Platform API Specification"/>
    <property name="surefire.real.class.path" value="C:\Users\Rosse\AppData\Local\Temp\surefire7649722437679858062\surefirebooter-20250703042053226_3.jar"/>
    <property name="user.script" value=""/>
    <property name="sun.management.compiler" value="HotSpot 64-Bit Tiered Compilers"/>
    <property name="java.runtime.version" value="22.0.2+9-70"/>
    <property name="user.name" value="Rosse"/>
    <property name="stdout.encoding" value="Cp1252"/>
    <property name="path.separator" value=";"/>
    <property name="os.version" value="10.0"/>
    <property name="java.runtime.name" value="Java(TM) SE Runtime Environment"/>
    <property name="file.encoding" value="UTF-8"/>
    <property name="java.vm.name" value="Java HotSpot(TM) 64-Bit Server VM"/>
    <property name="maven.ext.class.path" value="C:\Program Files\NetBeans-25\netbeans\java\maven-nblib\netbeans-eventspy.jar"/>
    <property name="localRepository" value="C:\Users\Rosse\.m2\repository"/>
    <property name="java.vendor.url.bug" value="https://bugreport.java.com/bugreport/"/>
    <property name="java.io.tmpdir" value="C:\Users\Rosse\AppData\Local\Temp\"/>
    <property name="java.version" value="22.0.2"/>
    <property name="user.dir" value="C:\Users\Rosse\Downloads\SoftRes_Backend_v13\SoftRes_Backend\SoftResBusiness"/>
    <property name="os.arch" value="amd64"/>
    <property name="java.vm.specification.name" value="Java Virtual Machine Specification"/>
    <property name="sun.os.patch.level" value=""/>
    <property name="native.encoding" value="Cp1252"/>
    <property name="java.library.path" value="C:\Program Files\Java\jdk-22\bin;C:\WINDOWS\Sun\Java\bin;C:\WINDOWS\system32;C:\WINDOWS;C:\Program Files\Java\jdk-22\bin;C:\Windows\Microsoft.NET\Framework64\v4.0.30319;C:\Program Files\Common Files\Oracle\Java\javapath;C:\Program Files (x86)\Common Files\Oracle\Java\javapath;C:\WINDOWS\system32;C:\WINDOWS;C:\WINDOWS\System32\Wbem;C:\WINDOWS\System32\WindowsPowerShell\v1.0\;C:\WINDOWS\System32\OpenSSH\;C:\MinGw\bin;C:\Program Files\Microsoft SQL Server\150\Tools\Binn\;C:\Program Files\Microsoft SQL Server\Client SDK\ODBC\170\Tools\Binn\;C:\Program Files\Git\cmd;C:\Program Files (x86)\Microsoft SQL Server\160\Tools\Binn\;C:\Program Files\Microsoft SQL Server\160\Tools\Binn\;C:\Program Files\Microsoft SQL Server\160\DTS\Binn\;C:\Program Files (x86)\Microsoft SQL Server\160\DTS\Binn\;C:\Program Files\Azure Data Studio\bin;C:\Program Files\dotnet\;C:\Program Files (x86)\Windows Kits\10\Windows Performance Toolkit\;C:\Program Files\MySQL\MySQL Shell 8.0\bin\;C:\Windows\Microsoft.NET\Framework64\v4.0.30319;C:\Users\Rosse\AppData\Local\Microsoft\WindowsApps;C:\Users\Rosse\AppData\Local\Programs\Microsoft VS Code\bin;C:\Program Files\Azure Data Studio\bin;C:\Users\Rosse\.dotnet\tools;C:\Users\Rosse\AppData\Local\Programs\oh-my-posh\bin;C:\Users\Rosse\AppData\Local\GitHubDesktop\bin;."/>
    <property name="java.vm.info" value="mixed mode, sharing"/>
    <property name="stderr.encoding" value="Cp1252"/>
    <property name="java.vendor" value="Oracle Corporation"/>
    <property name="java.vm.version" value="22.0.2+9-70"/>
    <property name="sun.io.unicode.encoding" value="UnicodeLittle"/>
    <property name="java.class.version" value="66.0"/>
  </properties>
  <testcase name="testInsertarReservaComun_Success" classname="pe.edu.pucp.softres.business.ReservaBOTest" time="0.051">
    <system-out><![CDATA[=== Test: Insertar Reserva Común ===
Reserva común creada con ID: 12
]]></system-out>
    <system-err><![CDATA[jul 03, 2025 4:20:55 A.M. pe.edu.pucp.softres.daoImp.DAOImplBase ejecutarModificacionEnBD
INFO: com.mysql.cj.jdbc.CallableStatement: INSERT INTO RES_RESERVAS(USUARIO_ID, LOCAL_ID, FILA_ID, TIPO_RESERVA, FECHA_HORA_REGISTRO, CANT_PERSONAS, TMESA_ID, NUM_MESAS, OBSERVACIONES, ESTADO, MOTIVO_CANCELACION_ID, NOMBRE_EVENTO, DESCP_EVENTO, FECHA_CREACION, USUARIO_CREACION, FECHA_MODIFICACION, USUARIO_MODIFICACION) VALUES (2, 1, 2, 'COMUN', '2025-07-04 19:00:00', 4, 2, 1, 'reserva comun test', 'PENDIENTE', NULL, NULL, NULL, '2025-07-03 04:20:55.505', 'test_insercion', NULL, NULL)
jul 03, 2025 4:20:55 A.M. pe.edu.pucp.softres.daoImp.DAOImplBase ejecutarModificacionEnBD
INFO: com.mysql.cj.jdbc.CallableStatement: INSERT INTO RES_NOTIFICACIONES(USUARIO_ID, MENSAJE, LEIDA, TIPO_NOTIFICACION, ESTADO) VALUES (2, 'Tu reserva ha sido registrada.', 0, 'CONFIRMACION', 'PENDIENTE')
]]></system-err>
  </testcase>
  <testcase name="testInsertarReservaEvento_Success" classname="pe.edu.pucp.softres.business.ReservaBOTest" time="0.041">
    <system-out><![CDATA[=== Test: Insertar Reserva Evento ===
Reserva evento creada con ID: 13
]]></system-out>
    <system-err><![CDATA[jul 03, 2025 4:20:55 A.M. pe.edu.pucp.softres.daoImp.DAOImplBase ejecutarModificacionEnBD
INFO: com.mysql.cj.jdbc.CallableStatement: INSERT INTO RES_RESERVAS(USUARIO_ID, LOCAL_ID, FILA_ID, TIPO_RESERVA, FECHA_HORA_REGISTRO, CANT_PERSONAS, TMESA_ID, NUM_MESAS, OBSERVACIONES, ESTADO, MOTIVO_CANCELACION_ID, NOMBRE_EVENTO, DESCP_EVENTO, FECHA_CREACION, USUARIO_CREACION, FECHA_MODIFICACION, USUARIO_MODIFICACION) VALUES (2, 1, 2, 'EVENTO', '2025-07-11 14:00:00', 25, 2, 1, 'reserva evento test', 'PENDIENTE', NULL, 'Evento test', 'descripcion evento test', '2025-07-03 04:20:55.55', 'test_insercion', NULL, NULL)
jul 03, 2025 4:20:55 A.M. pe.edu.pucp.softres.daoImp.DAOImplBase ejecutarModificacionEnBD
INFO: com.mysql.cj.jdbc.CallableStatement: INSERT INTO RES_NOTIFICACIONES(USUARIO_ID, MENSAJE, LEIDA, TIPO_NOTIFICACION, ESTADO) VALUES (2, 'Tu reserva ha sido registrada.', 0, 'CONFIRMACION', 'PENDIENTE')
]]></system-err>
  </testcase>
  <testcase name="testInsertarReserva_Validaciones" classname="pe.edu.pucp.softres.business.ReservaBOTest" time="0.003">
    <system-out><![CDATA[=== Test: Validaciones de Inserción ===
Todas las validaciones pasaron correctamente
]]></system-out>
  </testcase>
  <testcase name="testObtenerPorId_Success" classname="pe.edu.pucp.softres.business.ReservaBOTest" time="0.014">
    <system-out><![CDATA[=== Test: Obtener por ID ===
Reservas obtenidas correctamente
]]></system-out>
  </testcase>
  <testcase name="testObtenerPorId_Validaciones" classname="pe.edu.pucp.softres.business.ReservaBOTest" time="0.001">
    <system-out><![CDATA[=== Test: Validaciones Obtener por ID ===
Validaciones de ID pasaron correctamente
]]></system-out>
  </testcase>
  <testcase name="testListar_Success" classname="pe.edu.pucp.softres.business.ReservaBOTest" time="0.051">
    <system-out><![CDATA[=== Test: Listar Reservas ===
Total de reservas encontradas: 13
]]></system-out>
  </testcase>
  <testcase name="testModificar_Success" classname="pe.edu.pucp.softres.business.ReservaBOTest" time="0.089">
    <system-out><![CDATA[=== Test: Modificar Reserva ===
Modificaciones realizadas correctamente
]]></system-out>
    <system-err><![CDATA[jul 03, 2025 4:20:55 A.M. pe.edu.pucp.softres.daoImp.DAOImplBase ejecutarModificacionEnBD
INFO: com.mysql.cj.jdbc.CallableStatement: UPDATE RES_RESERVAS SET USUARIO_ID=2, LOCAL_ID=1, FILA_ID=2, TIPO_RESERVA='COMUN', FECHA_HORA_REGISTRO='2025-07-04 19:00:00', CANT_PERSONAS=4, TMESA_ID=2, NUM_MESAS=1, OBSERVACIONES='reserva comun test modificado', ESTADO='PENDIENTE', MOTIVO_CANCELACION_ID=NULL, NOMBRE_EVENTO=NULL, DESCP_EVENTO=NULL, FECHA_CREACION='2025-07-03 04:20:56', USUARIO_CREACION='test_insercion', FECHA_MODIFICACION='2025-07-03 04:20:55.682', USUARIO_MODIFICACION='test_modificacion' WHERE RESERVA_ID=12
jul 03, 2025 4:20:55 A.M. pe.edu.pucp.softres.daoImp.DAOImplBase ejecutarModificacionEnBD
INFO: com.mysql.cj.jdbc.CallableStatement: INSERT INTO RES_NOTIFICACIONES(USUARIO_ID, MENSAJE, LEIDA, TIPO_NOTIFICACION, ESTADO) VALUES (2, 'Su reserva ha sido modificada. Nueva fecha: 2025-07-04 19:00:00.0', 0, 'MODIFICACION', 'PENDIENTE')
jul 03, 2025 4:20:55 A.M. pe.edu.pucp.softres.daoImp.DAOImplBase ejecutarModificacionEnBD
INFO: com.mysql.cj.jdbc.CallableStatement: UPDATE RES_RESERVAS SET USUARIO_ID=2, LOCAL_ID=1, FILA_ID=2, TIPO_RESERVA='EVENTO', FECHA_HORA_REGISTRO='2025-07-11 14:00:00', CANT_PERSONAS=25, TMESA_ID=2, NUM_MESAS=1, OBSERVACIONES='reserva evento test modificado', ESTADO='PENDIENTE', MOTIVO_CANCELACION_ID=NULL, NOMBRE_EVENTO='Evento test', DESCP_EVENTO='descripcion evento test', FECHA_CREACION='2025-07-03 04:20:56', USUARIO_CREACION='test_insercion', FECHA_MODIFICACION='2025-07-03 04:20:55.73', USUARIO_MODIFICACION='test_modificacion' WHERE RESERVA_ID=13
jul 03, 2025 4:20:55 A.M. pe.edu.pucp.softres.daoImp.DAOImplBase ejecutarModificacionEnBD
INFO: com.mysql.cj.jdbc.CallableStatement: INSERT INTO RES_NOTIFICACIONES(USUARIO_ID, MENSAJE, LEIDA, TIPO_NOTIFICACION, ESTADO) VALUES (2, 'Su reserva ha sido modificada. Nueva fecha: 2025-07-11 14:00:00.0', 0, 'MODIFICACION', 'PENDIENTE')
]]></system-err>
  </testcase>
  <testcase name="testModificar_Validaciones" classname="pe.edu.pucp.softres.business.ReservaBOTest" time="0.002">
    <system-out><![CDATA[=== Test: Validaciones de Modificación ===
Validaciones de modificación pasaron correctamente
]]></system-out>
  </testcase>
  <testcase name="testConfirmarReserva_Success" classname="pe.edu.pucp.softres.business.ReservaBOTest" time="0.062">
    <system-out><![CDATA[=== Test: Confirmar Reserva ===
Reserva confirmada exitosamente
]]></system-out>
    <system-err><![CDATA[jul 03, 2025 4:20:55 A.M. pe.edu.pucp.softres.daoImp.DAOImplBase ejecutarModificacionEnBD
INFO: com.mysql.cj.jdbc.CallableStatement: UPDATE RES_RESERVAS SET USUARIO_ID=2, LOCAL_ID=1, FILA_ID=2, TIPO_RESERVA='COMUN', FECHA_HORA_REGISTRO='2025-07-04 19:00:00', CANT_PERSONAS=4, TMESA_ID=2, NUM_MESAS=1, OBSERVACIONES='reserva comun test modificado', ESTADO='CONFIRMADA', MOTIVO_CANCELACION_ID=NULL, NOMBRE_EVENTO=NULL, DESCP_EVENTO=NULL, FECHA_CREACION='2025-07-03 04:20:56', USUARIO_CREACION='test_insercion', FECHA_MODIFICACION='2025-07-03 04:20:55.763', USUARIO_MODIFICACION='test_modificacion' WHERE RESERVA_ID=12
jul 03, 2025 4:20:55 A.M. pe.edu.pucp.softres.daoImp.DAOImplBase ejecutarModificacionEnBD
INFO: com.mysql.cj.jdbc.CallableStatement: INSERT INTO RES_NOTIFICACIONES(USUARIO_ID, MENSAJE, LEIDA, TIPO_NOTIFICACION, ESTADO) VALUES (2, 'Su reserva ha sido confirmada por el restaurante', 0, 'CONFIRMACION', 'PENDIENTE')
]]></system-err>
  </testcase>
  <testcase name="testConfirmarReserva_Validaciones" classname="pe.edu.pucp.softres.business.ReservaBOTest" time="0.016">
    <system-out><![CDATA[=== Test: Validaciones de Confirmación ===
Validaciones de confirmación pasaron correctamente
]]></system-out>
  </testcase>
  <testcase name="testCancelar_Success" classname="pe.edu.pucp.softres.business.ReservaBOTest" time="0.069">
    <system-out><![CDATA[=== Test: Cancelar Reserva ===
No hay usuarios compatibles en la fila de espera
Reserva cancelada exitosamente
]]></system-out>
    <system-err><![CDATA[jul 03, 2025 4:20:55 A.M. pe.edu.pucp.softres.daoImp.DAOImplBase ejecutarModificacionEnBD
INFO: com.mysql.cj.jdbc.CallableStatement: UPDATE RES_RESERVAS SET ESTADO = 'CANCELADA' , FECHA_MODIFICACION = '2025-07-03 04:20:55.861' , USUARIO_MODIFICACION = 'maria.gomez@mail.com' , MOTIVO_CANCELACION_ID = 1  WHERE RESERVA_ID = 13
]]></system-err>
  </testcase>
  <testcase name="testCancelar_Validaciones" classname="pe.edu.pucp.softres.business.ReservaBOTest" time="0.024">
    <system-out><![CDATA[=== Test: Validaciones de Cancelación ===
Validaciones de cancelación pasaron correctamente
]]></system-out>
  </testcase>
  <testcase name="testEliminar_Success" classname="pe.edu.pucp.softres.business.ReservaBOTest" time="0.077">
    <system-out><![CDATA[=== Test: Eliminar Reserva (Eliminación Lógica) ===
Se notificó al siguiente usuario en la fila de espera
Eliminación lógica exitosa
]]></system-out>
    <system-err><![CDATA[jul 03, 2025 4:20:55 A.M. pe.edu.pucp.softres.daoImp.DAOImplBase ejecutarModificacionEnBD
INFO: com.mysql.cj.jdbc.CallableStatement: UPDATE RES_RESERVAS SET ESTADO = 'CANCELADA' , FECHA_MODIFICACION = '2025-07-03 04:20:55.95' , USUARIO_MODIFICACION = 'maria.gomez@mail.com' , MOTIVO_CANCELACION_ID = 2  WHERE RESERVA_ID = 12
jul 03, 2025 4:20:55 A.M. pe.edu.pucp.softres.daoImp.DAOImplBase ejecutarModificacionEnBD
INFO: com.mysql.cj.jdbc.CallableStatement: UPDATE RES_FILASESPERA SET USUARIO_ID=5, LOCAL_ID=1, TIPO_RESERVA='EVENTO', CANT_PERSONAS=20, TMESA_ID=3, FECHA_HORA_DESEADA='2025-07-04 19:00:00', FECHA_REGISTRO='2025-07-03 04:20:55', FECHA_NOTIFICACION='2025-07-03 04:20:55.979', ESTADO='NOTIFICADO', OBSERVACIONES='Solicitud creada para test' WHERE FILA_ID=7
jul 03, 2025 4:20:55 A.M. pe.edu.pucp.softres.daoImp.DAOImplBase ejecutarModificacionEnBD
INFO: com.mysql.cj.jdbc.CallableStatement: INSERT INTO RES_NOTIFICACIONES(USUARIO_ID, MENSAJE, LEIDA, TIPO_NOTIFICACION, ESTADO) VALUES (5, '¡Buenas noticias! Ahora hay disponibilidad para su reserva en null. Contáctenos para confirmar dentro de las próximas 2 horas.', 0, 'CONFIRMACION', 'PENDIENTE')
]]></system-err>
  </testcase>
</testsuite>