<?xml version="1.0" encoding="UTF-8"?>
<testsuite xmlns:xsi="http://www.w3.org/2001/XMLSchema-instance" xsi:noNamespaceSchemaLocation="https://maven.apache.org/surefire/maven-surefire-plugin/xsd/surefire-test-report-3.0.xsd" version="3.0" name="pe.edu.pucp.softres.business.FilaEsperaBOTest" time="0.255" tests="12" errors="0" skipped="0" failures="0">
  <properties>
    <property name="java.specification.version" value="22"/>
    <property name="sun.cpu.isalist" value="amd64"/>
    <property name="sun.jnu.encoding" value="Cp1252"/>
    <property name="java.class.path" value="C:\Users\Rosse\Downloads\SoftRes_Backend_v13\SoftRes_Backend\SoftResBusiness\target\test-classes;C:\Users\Rosse\Downloads\SoftRes_Backend_v13\SoftRes_Backend\SoftResBusiness\target\classes;C:\Users\Rosse\.m2\repository\pe\edu\pucp\softres\SoftResModel\1.0-SNAPSHOT\SoftResModel-1.0-SNAPSHOT.jar;C:\Users\Rosse\.m2\repository\com\fasterxml\jackson\core\jackson-annotations\2.19.0\jackson-annotations-2.19.0.jar;C:\Users\Rosse\.m2\repository\jakarta\xml\bind\jakarta.xml.bind-api\3.0.1\jakarta.xml.bind-api-3.0.1.jar;C:\Users\Rosse\.m2\repository\com\sun\activation\jakarta.activation\2.0.1\jakarta.activation-2.0.1.jar;C:\Users\Rosse\.m2\repository\pe\edu\pucp\softres\SoftResParametros\1.0-SNAPSHOT\SoftResParametros-1.0-SNAPSHOT.jar;C:\Users\Rosse\.m2\repository\pe\edu\pucp\Softres\SoftResModel\1.0-SNAPSHOT\SoftResModel-1.0-SNAPSHOT.jar;C:\Users\Rosse\.m2\repository\pe\edu\pucp\softres\SoftResPersistence\1.0-SNAPSHOT\SoftResPersistence-1.0-SNAPSHOT.jar;C:\Users\Rosse\.m2\repository\pe\edu\pucp\Softres\SoftResParametros\1.0-SNAPSHOT\SoftResParametros-1.0-SNAPSHOT.jar;C:\Users\Rosse\.m2\repository\pe\edu\pucp\Softres\SoftResDBManager\1.0-SNAPSHOT\SoftResDBManager-1.0-SNAPSHOT.jar;C:\Users\Rosse\.m2\repository\commons-codec\commons-codec\1.18.0\commons-codec-1.18.0.jar;C:\Users\Rosse\.m2\repository\com\mysql\mysql-connector-j\9.2.0\mysql-connector-j-9.2.0.jar;C:\Users\Rosse\.m2\repository\com\google\protobuf\protobuf-java\4.29.0\protobuf-java-4.29.0.jar;C:\Users\Rosse\.m2\repository\org\junit\jupiter\junit-jupiter-api\5.6.0\junit-jupiter-api-5.6.0.jar;C:\Users\Rosse\.m2\repository\org\apiguardian\apiguardian-api\1.1.0\apiguardian-api-1.1.0.jar;C:\Users\Rosse\.m2\repository\org\opentest4j\opentest4j\1.2.0\opentest4j-1.2.0.jar;C:\Users\Rosse\.m2\repository\org\junit\platform\junit-platform-commons\1.6.0\junit-platform-commons-1.6.0.jar;C:\Users\Rosse\.m2\repository\org\junit\jupiter\junit-jupiter-params\5.6.0\junit-jupiter-params-5.6.0.jar;C:\Users\Rosse\.m2\repository\org\junit\jupiter\junit-jupiter-engine\5.6.0\junit-jupiter-engine-5.6.0.jar;C:\Users\Rosse\.m2\repository\org\junit\platform\junit-platform-engine\1.6.0\junit-platform-engine-1.6.0.jar;C:\Users\Rosse\.m2\repository\pe\edu\pucp\Softres\SoftResPersistence\1.0-SNAPSHOT\SoftResPersistence-1.0-SNAPSHOT.jar;"/>
    <property name="java.vm.vendor" value="Oracle Corporation"/>
    <property name="sun.arch.data.model" value="64"/>
    <property name="user.variant" value=""/>
    <property name="java.vendor.url" value="https://java.oracle.com/"/>
    <property name="user.timezone" value="America/Lima"/>
    <property name="os.name" value="Windows 11"/>
    <property name="java.vm.specification.version" value="22"/>
    <property name="user.country" value="MX"/>
    <property name="sun.java.launcher" value="SUN_STANDARD"/>
    <property name="sun.boot.library.path" value="C:\Program Files\Java\jdk-22\bin"/>
    <property name="sun.java.command" value="C:\Users\Rosse\AppData\Local\Temp\surefire14638493594716383778\surefirebooter-20250703011335315_3.jar C:\Users\Rosse\AppData\Local\Temp\surefire14638493594716383778 2025-07-03T01-13-35_175-jvmRun1 surefire-20250703011335315_1tmp surefire_0-20250703011335315_2tmp"/>
    <property name="jdk.debug" value="release"/>
    <property name="surefire.test.class.path" value="C:\Users\Rosse\Downloads\SoftRes_Backend_v13\SoftRes_Backend\SoftResBusiness\target\test-classes;C:\Users\Rosse\Downloads\SoftRes_Backend_v13\SoftRes_Backend\SoftResBusiness\target\classes;C:\Users\Rosse\.m2\repository\pe\edu\pucp\softres\SoftResModel\1.0-SNAPSHOT\SoftResModel-1.0-SNAPSHOT.jar;C:\Users\Rosse\.m2\repository\com\fasterxml\jackson\core\jackson-annotations\2.19.0\jackson-annotations-2.19.0.jar;C:\Users\Rosse\.m2\repository\jakarta\xml\bind\jakarta.xml.bind-api\3.0.1\jakarta.xml.bind-api-3.0.1.jar;C:\Users\Rosse\.m2\repository\com\sun\activation\jakarta.activation\2.0.1\jakarta.activation-2.0.1.jar;C:\Users\Rosse\.m2\repository\pe\edu\pucp\softres\SoftResParametros\1.0-SNAPSHOT\SoftResParametros-1.0-SNAPSHOT.jar;C:\Users\Rosse\.m2\repository\pe\edu\pucp\Softres\SoftResModel\1.0-SNAPSHOT\SoftResModel-1.0-SNAPSHOT.jar;C:\Users\Rosse\.m2\repository\pe\edu\pucp\softres\SoftResPersistence\1.0-SNAPSHOT\SoftResPersistence-1.0-SNAPSHOT.jar;C:\Users\Rosse\.m2\repository\pe\edu\pucp\Softres\SoftResParametros\1.0-SNAPSHOT\SoftResParametros-1.0-SNAPSHOT.jar;C:\Users\Rosse\.m2\repository\pe\edu\pucp\Softres\SoftResDBManager\1.0-SNAPSHOT\SoftResDBManager-1.0-SNAPSHOT.jar;C:\Users\Rosse\.m2\repository\commons-codec\commons-codec\1.18.0\commons-codec-1.18.0.jar;C:\Users\Rosse\.m2\repository\com\mysql\mysql-connector-j\9.2.0\mysql-connector-j-9.2.0.jar;C:\Users\Rosse\.m2\repository\com\google\protobuf\protobuf-java\4.29.0\protobuf-java-4.29.0.jar;C:\Users\Rosse\.m2\repository\org\junit\jupiter\junit-jupiter-api\5.6.0\junit-jupiter-api-5.6.0.jar;C:\Users\Rosse\.m2\repository\org\apiguardian\apiguardian-api\1.1.0\apiguardian-api-1.1.0.jar;C:\Users\Rosse\.m2\repository\org\opentest4j\opentest4j\1.2.0\opentest4j-1.2.0.jar;C:\Users\Rosse\.m2\repository\org\junit\platform\junit-platform-commons\1.6.0\junit-platform-commons-1.6.0.jar;C:\Users\Rosse\.m2\repository\org\junit\jupiter\junit-jupiter-params\5.6.0\junit-jupiter-params-5.6.0.jar;C:\Users\Rosse\.m2\repository\org\junit\jupiter\junit-jupiter-engine\5.6.0\junit-jupiter-engine-5.6.0.jar;C:\Users\Rosse\.m2\repository\org\junit\platform\junit-platform-engine\1.6.0\junit-platform-engine-1.6.0.jar;C:\Users\Rosse\.m2\repository\pe\edu\pucp\Softres\SoftResPersistence\1.0-SNAPSHOT\SoftResPersistence-1.0-SNAPSHOT.jar;"/>
    <property name="sun.cpu.endian" value="little"/>
    <property name="user.home" value="C:\Users\Rosse"/>
    <property name="user.language" value="es"/>
    <property name="java.specification.vendor" value="Oracle Corporation"/>
    <property name="java.version.date" value="2024-07-16"/>
    <property name="java.home" value="C:\Program Files\Java\jdk-22"/>
    <property name="file.separator" value="\"/>
    <property name="basedir" value="C:\Users\Rosse\Downloads\SoftRes_Backend_v13\SoftRes_Backend\SoftResBusiness"/>
    <property name="java.vm.compressedOopsMode" value="Zero based"/>
    <property name="line.separator" value="&#10;"/>
    <property name="java.vm.specification.vendor" value="Oracle Corporation"/>
    <property name="java.specification.name" value="Java Platform API Specification"/>
    <property name="surefire.real.class.path" value="C:\Users\Rosse\AppData\Local\Temp\surefire14638493594716383778\surefirebooter-20250703011335315_3.jar"/>
    <property name="user.script" value=""/>
    <property name="sun.management.compiler" value="HotSpot 64-Bit Tiered Compilers"/>
    <property name="java.runtime.version" value="22.0.2+9-70"/>
    <property name="user.name" value="Rosse"/>
    <property name="stdout.encoding" value="Cp1252"/>
    <property name="path.separator" value=";"/>
    <property name="os.version" value="10.0"/>
    <property name="java.runtime.name" value="Java(TM) SE Runtime Environment"/>
    <property name="file.encoding" value="UTF-8"/>
    <property name="java.vm.name" value="Java HotSpot(TM) 64-Bit Server VM"/>
    <property name="maven.ext.class.path" value="C:\Program Files\NetBeans-25\netbeans\java\maven-nblib\netbeans-eventspy.jar"/>
    <property name="localRepository" value="C:\Users\Rosse\.m2\repository"/>
    <property name="java.vendor.url.bug" value="https://bugreport.java.com/bugreport/"/>
    <property name="java.io.tmpdir" value="C:\Users\Rosse\AppData\Local\Temp\"/>
    <property name="java.version" value="22.0.2"/>
    <property name="user.dir" value="C:\Users\Rosse\Downloads\SoftRes_Backend_v13\SoftRes_Backend\SoftResBusiness"/>
    <property name="os.arch" value="amd64"/>
    <property name="java.vm.specification.name" value="Java Virtual Machine Specification"/>
    <property name="sun.os.patch.level" value=""/>
    <property name="native.encoding" value="Cp1252"/>
    <property name="java.library.path" value="C:\Program Files\Java\jdk-22\bin;C:\WINDOWS\Sun\Java\bin;C:\WINDOWS\system32;C:\WINDOWS;C:\Program Files\Java\jdk-22\bin;C:\Windows\Microsoft.NET\Framework64\v4.0.30319;C:\Program Files\Common Files\Oracle\Java\javapath;C:\Program Files (x86)\Common Files\Oracle\Java\javapath;C:\WINDOWS\system32;C:\WINDOWS;C:\WINDOWS\System32\Wbem;C:\WINDOWS\System32\WindowsPowerShell\v1.0\;C:\WINDOWS\System32\OpenSSH\;C:\MinGw\bin;C:\Program Files\Microsoft SQL Server\150\Tools\Binn\;C:\Program Files\Microsoft SQL Server\Client SDK\ODBC\170\Tools\Binn\;C:\Program Files\Git\cmd;C:\Program Files (x86)\Microsoft SQL Server\160\Tools\Binn\;C:\Program Files\Microsoft SQL Server\160\Tools\Binn\;C:\Program Files\Microsoft SQL Server\160\DTS\Binn\;C:\Program Files (x86)\Microsoft SQL Server\160\DTS\Binn\;C:\Program Files\Azure Data Studio\bin;C:\Program Files\dotnet\;C:\Program Files (x86)\Windows Kits\10\Windows Performance Toolkit\;C:\Program Files\MySQL\MySQL Shell 8.0\bin\;C:\Windows\Microsoft.NET\Framework64\v4.0.30319;C:\Users\Rosse\AppData\Local\Microsoft\WindowsApps;C:\Users\Rosse\AppData\Local\Programs\Microsoft VS Code\bin;C:\Program Files\Azure Data Studio\bin;C:\Users\Rosse\.dotnet\tools;C:\Users\Rosse\AppData\Local\Programs\oh-my-posh\bin;C:\Users\Rosse\AppData\Local\GitHubDesktop\bin;."/>
    <property name="java.vm.info" value="mixed mode, sharing"/>
    <property name="stderr.encoding" value="Cp1252"/>
    <property name="java.vendor" value="Oracle Corporation"/>
    <property name="java.vm.version" value="22.0.2+9-70"/>
    <property name="sun.io.unicode.encoding" value="UnicodeLittle"/>
    <property name="java.class.version" value="66.0"/>
  </properties>
  <testcase name="testInsertarFilaEspera_Success" classname="pe.edu.pucp.softres.business.FilaEsperaBOTest" time="0.029">
    <system-out><![CDATA[=== Test: Insertar Fila de Espera ===
Fila de espera creada con ID: 6
]]></system-out>
    <system-err><![CDATA[jul 03, 2025 1:13:36 A.M. pe.edu.pucp.softres.daoImp.DAOImplBase ejecutarModificacionEnBD
INFO: com.mysql.cj.jdbc.CallableStatement: INSERT INTO RES_FILASESPERA(USUARIO_ID, LOCAL_ID, TIPO_RESERVA, CANT_PERSONAS, TMESA_ID, FECHA_HORA_DESEADA, FECHA_REGISTRO, FECHA_NOTIFICACION, ESTADO, OBSERVACIONES) VALUES (3, 1, 'COMUN', 4, 2, '2025-07-04 19:00:00', '2025-07-03 01:13:36.348', NULL, 'PENDIENTE', 'Solicitud creada para test')
jul 03, 2025 1:13:36 A.M. pe.edu.pucp.softres.daoImp.DAOImplBase ejecutarModificacionEnBD
INFO: com.mysql.cj.jdbc.CallableStatement: INSERT INTO RES_NOTIFICACIONES(USUARIO_ID, MENSAJE, LEIDA, TIPO_NOTIFICACION, ESTADO) VALUES (3, 'Su solicitud ha sido agregada a la lista de espera. Le notificaremos cuando haya disponibilidad.', 0, 'CONFIRMACION', 'PENDIENTE')
]]></system-err>
  </testcase>
  <testcase name="testInsertarFilaEsperaVIP_Success" classname="pe.edu.pucp.softres.business.FilaEsperaBOTest" time="0.021">
    <system-out><![CDATA[=== Test: Insertar Fila de Espera VIP ===
Fila de espera VIP creada con ID: 7
]]></system-out>
    <system-err><![CDATA[jul 03, 2025 1:13:36 A.M. pe.edu.pucp.softres.daoImp.DAOImplBase ejecutarModificacionEnBD
INFO: com.mysql.cj.jdbc.CallableStatement: INSERT INTO RES_FILASESPERA(USUARIO_ID, LOCAL_ID, TIPO_RESERVA, CANT_PERSONAS, TMESA_ID, FECHA_HORA_DESEADA, FECHA_REGISTRO, FECHA_NOTIFICACION, ESTADO, OBSERVACIONES) VALUES (5, 1, 'EVENTO', 20, 3, '2025-07-04 19:00:00', '2025-07-03 01:13:36.373', NULL, 'PENDIENTE', 'Solicitud creada para test')
jul 03, 2025 1:13:36 A.M. pe.edu.pucp.softres.daoImp.DAOImplBase ejecutarModificacionEnBD
INFO: com.mysql.cj.jdbc.CallableStatement: INSERT INTO RES_NOTIFICACIONES(USUARIO_ID, MENSAJE, LEIDA, TIPO_NOTIFICACION, ESTADO) VALUES (5, 'Su solicitud ha sido agregada a la lista de espera. Le notificaremos cuando haya disponibilidad.', 0, 'CONFIRMACION', 'PENDIENTE')
]]></system-err>
  </testcase>
  <testcase name="testInsertarFilaEspera_Validaciones" classname="pe.edu.pucp.softres.business.FilaEsperaBOTest" time="0.003">
    <system-out><![CDATA[=== Test: Validaciones de Inserción ===
Todas las validaciones pasaron correctamente
]]></system-out>
  </testcase>
  <testcase name="testObtenerPorId_Success" classname="pe.edu.pucp.softres.business.FilaEsperaBOTest" time="0.006">
    <system-out><![CDATA[=== Test: Obtener por ID ===
Fila obtenida correctamente
]]></system-out>
  </testcase>
  <testcase name="testObtenerPorId_Validaciones" classname="pe.edu.pucp.softres.business.FilaEsperaBOTest" time="0.002">
    <system-out><![CDATA[=== Test: Validaciones Obtener por ID ===
Validaciones de obtener por ID pasaron correctamente
]]></system-out>
  </testcase>
  <testcase name="testListarPendientesPorPrioridad" classname="pe.edu.pucp.softres.business.FilaEsperaBOTest" time="0.044">
    <system-out><![CDATA[=== Test: Listar Pendientes por Prioridad ===
Total de solicitudes pendientes: 3
]]></system-out>
  </testcase>
  <testcase name="testBuscarSiguienteCompatible" classname="pe.edu.pucp.softres.business.FilaEsperaBOTest" time="0.048">
    <system-out><![CDATA[=== Test: Buscar Siguiente Compatible ===
Siguiente compatible encontrado: 1
]]></system-out>
  </testcase>
  <testcase name="testNotificarSiguiente" classname="pe.edu.pucp.softres.business.FilaEsperaBOTest" time="0.051">
    <system-out><![CDATA[=== Test: Notificar Siguiente ===
Notificación enviada: true
]]></system-out>
    <system-err><![CDATA[jul 03, 2025 1:13:36 A.M. pe.edu.pucp.softres.daoImp.DAOImplBase ejecutarModificacionEnBD
INFO: com.mysql.cj.jdbc.CallableStatement: UPDATE RES_FILASESPERA SET USUARIO_ID=5, LOCAL_ID=1, TIPO_RESERVA='COMUN', CANT_PERSONAS=4, TMESA_ID=2, FECHA_HORA_DESEADA='2025-07-04 01:13:09', FECHA_REGISTRO='2025-07-03 01:13:09', FECHA_NOTIFICACION='2025-07-03 01:13:36.54', ESTADO='NOTIFICADO', OBSERVACIONES='Cliente VIP esperando mesa en la terraza.' WHERE FILA_ID=1
jul 03, 2025 1:13:36 A.M. pe.edu.pucp.softres.daoImp.DAOImplBase ejecutarModificacionEnBD
INFO: com.mysql.cj.jdbc.CallableStatement: INSERT INTO RES_NOTIFICACIONES(USUARIO_ID, MENSAJE, LEIDA, TIPO_NOTIFICACION, ESTADO) VALUES (5, '¡Buenas noticias! Ahora hay disponibilidad para su reserva en null. Contáctenos para confirmar dentro de las próximas 2 horas.', 0, 'CONFIRMACION', 'PENDIENTE')
]]></system-err>
  </testcase>
  <testcase name="testModificar_Success" classname="pe.edu.pucp.softres.business.FilaEsperaBOTest" time="0.017">
    <system-out><![CDATA[=== Test: Modificar Fila de Espera ===
Modificación realizada correctamente
]]></system-out>
    <system-err><![CDATA[jul 03, 2025 1:13:36 A.M. pe.edu.pucp.softres.daoImp.DAOImplBase ejecutarModificacionEnBD
INFO: com.mysql.cj.jdbc.CallableStatement: UPDATE RES_FILASESPERA SET USUARIO_ID=3, LOCAL_ID=1, TIPO_RESERVA='COMUN', CANT_PERSONAS=4, TMESA_ID=2, FECHA_HORA_DESEADA='2025-07-04 19:00:00', FECHA_REGISTRO='2025-07-03 01:13:36', FECHA_NOTIFICACION=NULL, ESTADO='PENDIENTE', OBSERVACIONES='Observaciones modificadas para test' WHERE FILA_ID=6
]]></system-err>
  </testcase>
  <testcase name="testModificar_Validaciones" classname="pe.edu.pucp.softres.business.FilaEsperaBOTest" time="0.001">
    <system-out><![CDATA[=== Test: Validaciones de Modificación ===
Validaciones de modificación pasaron correctamente
]]></system-out>
  </testcase>
  <testcase name="testEliminar_Success" classname="pe.edu.pucp.softres.business.FilaEsperaBOTest" time="0.016">
    <system-out><![CDATA[=== Test: Eliminar Fila de Espera (Eliminación Lógica) ===
Eliminación lógica exitosa
]]></system-out>
    <system-err><![CDATA[jul 03, 2025 1:13:36 A.M. pe.edu.pucp.softres.daoImp.DAOImplBase ejecutarModificacionEnBD
INFO: com.mysql.cj.jdbc.CallableStatement: UPDATE RES_FILASESPERA SET USUARIO_ID=3, LOCAL_ID=1, TIPO_RESERVA='COMUN', CANT_PERSONAS=4, TMESA_ID=2, FECHA_HORA_DESEADA='2025-07-04 19:00:00', FECHA_REGISTRO='2025-07-03 01:13:36', FECHA_NOTIFICACION=NULL, ESTADO='CANCELADO', OBSERVACIONES='Observaciones modificadas para test' WHERE FILA_ID=6
]]></system-err>
  </testcase>
  <testcase name="testConfirmarDisponibilidad_Validaciones" classname="pe.edu.pucp.softres.business.FilaEsperaBOTest" time="0.007">
    <system-out><![CDATA[=== Test: Validaciones Confirmar Disponibilidad ===
Validaciones de confirmación pasaron correctamente
]]></system-out>
  </testcase>
</testsuite>