<?xml version="1.0" encoding="UTF-8"?>
<testsuite xmlns:xsi="http://www.w3.org/2001/XMLSchema-instance" xsi:noNamespaceSchemaLocation="https://maven.apache.org/surefire/maven-surefire-plugin/xsd/surefire-test-report-3.0.xsd" version="3.0" name="pe.edu.pucp.softres.business.ReservaxMesaBOTest" time="34.046" tests="12" errors="0" skipped="0" failures="0">
  <properties>
    <property name="java.specification.version" value="21"/>
    <property name="sun.cpu.isalist" value="amd64"/>
    <property name="sun.jnu.encoding" value="Cp1252"/>
    <property name="java.class.path" value="A:\tarea_academica\SoftRes_Backend\SoftResBusiness\target\test-classes;A:\tarea_academica\SoftRes_Backend\SoftResBusiness\target\classes;C:\Users\wilso\.m2\repository\pe\edu\pucp\softres\SoftResModel\1.0-SNAPSHOT\SoftResModel-1.0-SNAPSHOT.jar;C:\Users\wilso\.m2\repository\com\fasterxml\jackson\core\jackson-annotations\2.19.0\jackson-annotations-2.19.0.jar;C:\Users\wilso\.m2\repository\jakarta\xml\bind\jakarta.xml.bind-api\3.0.1\jakarta.xml.bind-api-3.0.1.jar;C:\Users\wilso\.m2\repository\com\sun\activation\jakarta.activation\2.0.1\jakarta.activation-2.0.1.jar;C:\Users\wilso\.m2\repository\pe\edu\pucp\softres\SoftResParametros\1.0-SNAPSHOT\SoftResParametros-1.0-SNAPSHOT.jar;A:\tarea_academica\SoftRes_Backend\SoftResModel\target\SoftResModel-1.0-SNAPSHOT.jar;C:\Users\wilso\.m2\repository\pe\edu\pucp\softres\SoftResPersistence\1.0-SNAPSHOT\SoftResPersistence-1.0-SNAPSHOT.jar;A:\tarea_academica\SoftRes_Backend\SoftResParametros\target\SoftResParametros-1.0-SNAPSHOT.jar;A:\tarea_academica\SoftRes_Backend\SoftResDBManager\target\SoftResDBManager-1.0-SNAPSHOT.jar;C:\Users\wilso\.m2\repository\commons-codec\commons-codec\1.18.0\commons-codec-1.18.0.jar;C:\Users\wilso\.m2\repository\com\mysql\mysql-connector-j\9.2.0\mysql-connector-j-9.2.0.jar;C:\Users\wilso\.m2\repository\com\google\protobuf\protobuf-java\4.29.0\protobuf-java-4.29.0.jar;C:\Users\wilso\.m2\repository\org\junit\jupiter\junit-jupiter-api\5.6.0\junit-jupiter-api-5.6.0.jar;C:\Users\wilso\.m2\repository\org\apiguardian\apiguardian-api\1.1.0\apiguardian-api-1.1.0.jar;C:\Users\wilso\.m2\repository\org\opentest4j\opentest4j\1.2.0\opentest4j-1.2.0.jar;C:\Users\wilso\.m2\repository\org\junit\platform\junit-platform-commons\1.6.0\junit-platform-commons-1.6.0.jar;C:\Users\wilso\.m2\repository\org\junit\jupiter\junit-jupiter-params\5.6.0\junit-jupiter-params-5.6.0.jar;C:\Users\wilso\.m2\repository\org\junit\jupiter\junit-jupiter-engine\5.6.0\junit-jupiter-engine-5.6.0.jar;C:\Users\wilso\.m2\repository\org\junit\platform\junit-platform-engine\1.6.0\junit-platform-engine-1.6.0.jar;A:\tarea_academica\SoftRes_Backend\SoftResPersistence\target\SoftResPersistence-1.0-SNAPSHOT.jar;"/>
    <property name="java.vm.vendor" value="Oracle Corporation"/>
    <property name="sun.arch.data.model" value="64"/>
    <property name="user.variant" value=""/>
    <property name="java.vendor.url" value="https://java.oracle.com/"/>
    <property name="user.timezone" value="America/Lima"/>
    <property name="os.name" value="Windows 11"/>
    <property name="java.vm.specification.version" value="21"/>
    <property name="user.country" value="PE"/>
    <property name="sun.java.launcher" value="SUN_STANDARD"/>
    <property name="sun.boot.library.path" value="C:\Program Files\Java\jdk-21\bin"/>
    <property name="sun.java.command" value="C:\Users\wilso\AppData\Local\Temp\surefire12723757563527845385\surefirebooter-20250702064154364_11.jar C:\Users\wilso\AppData\Local\Temp\surefire12723757563527845385 2025-07-02T06-41-49_277-jvmRun1 surefire-20250702064154364_9tmp surefire_1-20250702064154364_10tmp"/>
    <property name="jdk.debug" value="release"/>
    <property name="surefire.test.class.path" value="A:\tarea_academica\SoftRes_Backend\SoftResBusiness\target\test-classes;A:\tarea_academica\SoftRes_Backend\SoftResBusiness\target\classes;C:\Users\wilso\.m2\repository\pe\edu\pucp\softres\SoftResModel\1.0-SNAPSHOT\SoftResModel-1.0-SNAPSHOT.jar;C:\Users\wilso\.m2\repository\com\fasterxml\jackson\core\jackson-annotations\2.19.0\jackson-annotations-2.19.0.jar;C:\Users\wilso\.m2\repository\jakarta\xml\bind\jakarta.xml.bind-api\3.0.1\jakarta.xml.bind-api-3.0.1.jar;C:\Users\wilso\.m2\repository\com\sun\activation\jakarta.activation\2.0.1\jakarta.activation-2.0.1.jar;C:\Users\wilso\.m2\repository\pe\edu\pucp\softres\SoftResParametros\1.0-SNAPSHOT\SoftResParametros-1.0-SNAPSHOT.jar;A:\tarea_academica\SoftRes_Backend\SoftResModel\target\SoftResModel-1.0-SNAPSHOT.jar;C:\Users\wilso\.m2\repository\pe\edu\pucp\softres\SoftResPersistence\1.0-SNAPSHOT\SoftResPersistence-1.0-SNAPSHOT.jar;A:\tarea_academica\SoftRes_Backend\SoftResParametros\target\SoftResParametros-1.0-SNAPSHOT.jar;A:\tarea_academica\SoftRes_Backend\SoftResDBManager\target\SoftResDBManager-1.0-SNAPSHOT.jar;C:\Users\wilso\.m2\repository\commons-codec\commons-codec\1.18.0\commons-codec-1.18.0.jar;C:\Users\wilso\.m2\repository\com\mysql\mysql-connector-j\9.2.0\mysql-connector-j-9.2.0.jar;C:\Users\wilso\.m2\repository\com\google\protobuf\protobuf-java\4.29.0\protobuf-java-4.29.0.jar;C:\Users\wilso\.m2\repository\org\junit\jupiter\junit-jupiter-api\5.6.0\junit-jupiter-api-5.6.0.jar;C:\Users\wilso\.m2\repository\org\apiguardian\apiguardian-api\1.1.0\apiguardian-api-1.1.0.jar;C:\Users\wilso\.m2\repository\org\opentest4j\opentest4j\1.2.0\opentest4j-1.2.0.jar;C:\Users\wilso\.m2\repository\org\junit\platform\junit-platform-commons\1.6.0\junit-platform-commons-1.6.0.jar;C:\Users\wilso\.m2\repository\org\junit\jupiter\junit-jupiter-params\5.6.0\junit-jupiter-params-5.6.0.jar;C:\Users\wilso\.m2\repository\org\junit\jupiter\junit-jupiter-engine\5.6.0\junit-jupiter-engine-5.6.0.jar;C:\Users\wilso\.m2\repository\org\junit\platform\junit-platform-engine\1.6.0\junit-platform-engine-1.6.0.jar;A:\tarea_academica\SoftRes_Backend\SoftResPersistence\target\SoftResPersistence-1.0-SNAPSHOT.jar;"/>
    <property name="sun.cpu.endian" value="little"/>
    <property name="user.home" value="C:\Users\wilso"/>
    <property name="user.language" value="es"/>
    <property name="java.specification.vendor" value="Oracle Corporation"/>
    <property name="java.version.date" value="2024-10-15"/>
    <property name="java.home" value="C:\Program Files\Java\jdk-21"/>
    <property name="file.separator" value="\"/>
    <property name="basedir" value="A:\tarea_academica\SoftRes_Backend\SoftResBusiness"/>
    <property name="java.vm.compressedOopsMode" value="Zero based"/>
    <property name="line.separator" value="&#10;"/>
    <property name="java.vm.specification.vendor" value="Oracle Corporation"/>
    <property name="java.specification.name" value="Java Platform API Specification"/>
    <property name="surefire.real.class.path" value="C:\Users\wilso\AppData\Local\Temp\surefire12723757563527845385\surefirebooter-20250702064154364_11.jar"/>
    <property name="user.script" value=""/>
    <property name="sun.management.compiler" value="HotSpot 64-Bit Tiered Compilers"/>
    <property name="java.runtime.version" value="21.0.5+9-LTS-239"/>
    <property name="user.name" value="wilso"/>
    <property name="stdout.encoding" value="Cp1252"/>
    <property name="path.separator" value=";"/>
    <property name="os.version" value="10.0"/>
    <property name="java.runtime.name" value="Java(TM) SE Runtime Environment"/>
    <property name="file.encoding" value="UTF-8"/>
    <property name="java.vm.name" value="Java HotSpot(TM) 64-Bit Server VM"/>
    <property name="maven.ext.class.path" value="C:\Program Files\NetBeans-23\netbeans\java\maven-nblib\netbeans-eventspy.jar"/>
    <property name="localRepository" value="C:\Users\wilso\.m2\repository"/>
    <property name="java.vendor.url.bug" value="https://bugreport.java.com/bugreport/"/>
    <property name="java.io.tmpdir" value="C:\Users\wilso\AppData\Local\Temp\"/>
    <property name="java.version" value="21.0.5"/>
    <property name="user.dir" value="A:\tarea_academica\SoftRes_Backend\SoftResBusiness"/>
    <property name="os.arch" value="amd64"/>
    <property name="java.vm.specification.name" value="Java Virtual Machine Specification"/>
    <property name="sun.os.patch.level" value=""/>
    <property name="native.encoding" value="Cp1252"/>
    <property name="java.library.path" value="C:\Program Files\Java\jdk-21\bin;C:\WINDOWS\Sun\Java\bin;C:\WINDOWS\system32;C:\WINDOWS;C:\Program Files (x86)\Common Files\Oracle\Java\java8path;C:\Program Files (x86)\Common Files\Oracle\Java\javapath;c:\Users\wilso\AppData\Local\Programs\cursor\resources\app\bin;C:\Python312\Scripts\;C:\Python312\;C:\WINDOWS\system32;C:\WINDOWS;C:\WINDOWS\System32\Wbem;C:\WINDOWS\System32\WindowsPowerShell\v1.0\;C:\WINDOWS\System32\OpenSSH\;C:\Program Files\nodejs\;C:\ProgramData\chocolatey\bin;C:\Program Files\Git\cmd;C:\Users\wilso\.console-ninja\.bin;C:\Users\wilso\AppData\Local\Microsoft\WindowsApps;C:\Users\wilso\AppData\Roaming\npm;C:\MinGW\bin;c:\Users\wilso\AppData\Local\Programs\cursor\resources\app\bin;C:\Program Files\Java\jdk-22\bin;C:\Windows\Microsoft.NET\Framework64\v4.0.30319;C:\Program Files\Microsoft SQL Server\150\Tools\Binn\;C:\Program Files\Microsoft SQL Server\Client SDK\ODBC\170\Tools\Binn\;C:\Program Files\MongoDB\Server\8.0\bin;C:\Program Files (x86)\Microsoft SQL Server\160\Tools\Binn\;C:\Program Files\Microsoft SQL Server\160\Tools\Binn\;C:\Program Files\Microsoft SQL Server\160\DTS\Binn\;C:\Users\wilso\AppData\Local\Android\Sdk\emulator;C:\Users\wilso\AppData\Local\Android\Sdk\platform-tools;C:\Users\wilso\AppData\Local\Android\Sdk\tools;C:\Program Files\dotnet\;C:\Program Files\NVIDIA Corporation\NVIDIA App\NvDLISR;C:\Program Files (x86)\NVIDIA Corporation\PhysX\Common;C:\Program Files\MySQL\MySQL Shell 8.0\bin\;C:\Users\wilso\.console-ninja\.bin;C:\Users\wilso\AppData\Local\Microsoft\WindowsApps;C:\Users\wilso\AppData\Local\Programs\Microsoft VS Code\bin;C:\Users\wilso\AppData\Roaming\npm;C:\MinGW\bin;C:\Program Files\Java\jdk1.8.0_202\bin;C:\Python312\Lib;C:\Python312\Scripts;C:\Users\wilso\AppData\Local\Programs\cursor\resources\app\bin;C:\Program Files\Java\jdk1.8.0_202\bin;C:\Windows\Microsoft.NET\Framework64\v4.0.30319;C:\Users\wilso\AppData\Local\GitHubDesktop\bin;C:\Program Files\MongoDB\Server\8.0\bin;C:\Users\wilso\AppData\Local\Android\Sdk\tools;C:\Users\wilso\AppData\Local\Android\Sdk\emulator;C:\Users\wilso\AppData\Local\Android\Sdk\platform-tools;C:\Users\wilso\.dotnet\tools;."/>
    <property name="java.vm.info" value="mixed mode, sharing"/>
    <property name="stderr.encoding" value="Cp1252"/>
    <property name="java.vendor" value="Oracle Corporation"/>
    <property name="java.vm.version" value="21.0.5+9-LTS-239"/>
    <property name="sun.io.unicode.encoding" value="UnicodeLittle"/>
    <property name="java.class.version" value="65.0"/>
  </properties>
  <testcase name="testCrearReservaParaPruebas" classname="pe.edu.pucp.softres.business.ReservaxMesaBOTest" time="7.505">
    <system-out><![CDATA[=== Test: Crear Reserva para Pruebas ===
Verificación de disponibilidad: false (Mesas necesarias: 1, Disponibles: 5, Conflicto horario: true)
No hay disponibilidad, agregando a fila de espera
Reserva insertada directamente con ID: 31
Reserva creada con ID: 31
]]></system-out>
    <system-err><![CDATA[jul. 02, 2025 6:51:28 A. M. pe.edu.pucp.softres.daoImp.DAOImplBase ejecutarModificacionEnBD
INFO: com.mysql.cj.jdbc.CallableStatement: INSERT INTO RES_FILASESPERA(USUARIO_ID, LOCAL_ID, TIPO_RESERVA, CANT_PERSONAS, TMESA_ID, FECHA_HORA_DESEADA, FECHA_REGISTRO, FECHA_NOTIFICACION, ESTADO, OBSERVACIONES) VALUES (2, 1, 'COMUN', 2, 1, '2025-07-03 19:00:00', '2025-07-02 06:51:27.399', NULL, 'PENDIENTE', 'Agregado automáticamente por falta de disponibilidad')
jul. 02, 2025 6:51:29 A. M. pe.edu.pucp.softres.daoImp.DAOImplBase ejecutarModificacionEnBD
INFO: com.mysql.cj.jdbc.CallableStatement: INSERT INTO RES_RESERVAS(USUARIO_ID, LOCAL_ID, FILA_ID, TIPO_RESERVA, FECHA_HORA_REGISTRO, CANT_PERSONAS, TMESA_ID, NUM_MESAS, OBSERVACIONES, ESTADO, MOTIVO_CANCELACION_ID, NOMBRE_EVENTO, DESCP_EVENTO, FECHA_CREACION, USUARIO_CREACION, FECHA_MODIFICACION, USUARIO_MODIFICACION) VALUES (2, 1, 39, 'COMUN', '2025-07-03 19:00:00', 2, 1, 1, 'Reserva para test', 'PENDIENTE', NULL, NULL, NULL, '2025-07-02 06:51:24.853', 'test_system', NULL, NULL)
jul. 02, 2025 6:51:31 A. M. pe.edu.pucp.softres.daoImp.DAOImplBase ejecutarModificacionEnBD
INFO: com.mysql.cj.jdbc.CallableStatement: INSERT INTO RES_NOTIFICACIONES(USUARIO_ID, MENSAJE, LEIDA, TIPO_NOTIFICACION, ESTADO) VALUES (2, 'Su reserva ha sido agregada a la lista de espera. Le notificaremos cuando haya disponibilidad.', 0, 'CONFIRMACION', 'PENDIENTE')
]]></system-err>
  </testcase>
  <testcase name="testVerificarDisponibilidadMesas_Success" classname="pe.edu.pucp.softres.business.ReservaxMesaBOTest" time="0.847">
    <system-out><![CDATA[=== Test: Verificar Disponibilidad de Mesas ===
Disponibilidad confirmada: 5 mesas disponibles para 1 necesarias
Disponibilidad verificada correctamente
]]></system-out>
  </testcase>
  <testcase name="testVerificarDisponibilidadMesas_Validaciones" classname="pe.edu.pucp.softres.business.ReservaxMesaBOTest" time="0.001">
    <system-out><![CDATA[=== Test: Validaciones Verificar Disponibilidad ===
Validaciones de disponibilidad pasaron correctamente
]]></system-out>
    <system-err><![CDATA[Reserva es null para verificar disponibilidad
Local no especificado para verificar disponibilidad
Tipo de mesa no especificado para verificar disponibilidad
]]></system-err>
  </testcase>
  <testcase name="testAsignarMesasAReserva_Success" classname="pe.edu.pucp.softres.business.ReservaxMesaBOTest" time="5.744">
    <system-out><![CDATA[=== Test: Asignar Mesas a Reserva ===
=== DEBUG asignarMesasAReserva ===
reservaId: 31
reserva: not null
Reserva verificada: ID=31 existe en BD
Local ID: 1
Tipo Mesa ID: 1
Número de mesas necesarias: 1
Buscando mesas con parámetros: Local=1, Estado=DISPONIBLE, TipoMesa=1
Mesas encontradas: 5
Iniciando asignación de 1 mesa(s)
Procesando mesa 1 - M-101
Resultado modificar mesa: 1
Insertando relación: reserva=31, mesa=1
Resultado insertar relación: 1
Mesa 1 asignada a reserva 31
Asignación exitosa. Mesas asignadas: 1/1
Obtenidas 1 mesas para reserva 31
Mesas asignadas correctamente: 1
]]></system-out>
    <system-err><![CDATA[jul. 02, 2025 6:51:35 A. M. pe.edu.pucp.softres.daoImp.DAOImplBase ejecutarModificacionEnBD
INFO: com.mysql.cj.jdbc.CallableStatement: UPDATE RES_MESAS SET LOCAL_ID=1, TMESA_ID=1, NUMEROMESA='M-101', CAPACIDAD=2, ESTADO='RESERVADA', X=8, Y=4, FECHA_CREACION='2024-02-01 00:00:00', USUARIO_CREACION='admin@empresa.com', FECHA_MODIFICACION='2025-07-02 06:51:34.923', USUARIO_MODIFICACION='sistema_reservas' WHERE MESA_ID=1
jul. 02, 2025 6:51:36 A. M. pe.edu.pucp.softres.daoImp.DAOImplBase ejecutarModificacionEnBD
INFO: com.mysql.cj.jdbc.CallableStatement: INSERT INTO RES_RESERVAS_x_MESAS(RESERVA_ID, MESA_ID) VALUES (31, 1)
]]></system-err>
  </testcase>
  <testcase name="testAsignarMesasAReserva_Validaciones" classname="pe.edu.pucp.softres.business.ReservaxMesaBOTest" time="0.0">
    <system-out><![CDATA[=== Test: Validaciones Asignar Mesas ===
=== DEBUG asignarMesasAReserva ===
reservaId: null
reserva: not null
=== DEBUG asignarMesasAReserva ===
reservaId: -1
reserva: not null
=== DEBUG asignarMesasAReserva ===
reservaId: 999
reserva: null
Validaciones de asignación pasaron correctamente
]]></system-out>
    <system-err><![CDATA[ID de reserva inválido: null
ID de reserva inválido: -1
Datos de reserva son null
]]></system-err>
  </testcase>
  <testcase name="testObtenerMesasDeReserva_Success" classname="pe.edu.pucp.softres.business.ReservaxMesaBOTest" time="2.127">
    <system-out><![CDATA[=== Test: Obtener Mesas de Reserva ===
Obtenidas 1 mesas para reserva 31
Mesas obtenidas correctamente: 1
]]></system-out>
  </testcase>
  <testcase name="testObtenerMesasDeReserva_Validaciones" classname="pe.edu.pucp.softres.business.ReservaxMesaBOTest" time="0.987">
    <system-out><![CDATA[=== Test: Validaciones Obtener Mesas ===
Obtenidas 0 mesas para reserva 99999
Validaciones de obtener mesas pasaron correctamente
]]></system-out>
    <system-err><![CDATA[ID de reserva inválido para obtener mesas: null
ID de reserva inválido para obtener mesas: -1
]]></system-err>
  </testcase>
  <testcase name="testCambiarEstadoMesasReserva_Success" classname="pe.edu.pucp.softres.business.ReservaxMesaBOTest" time="4.674">
    <system-out><![CDATA[=== Test: Cambiar Estado de Mesas ===
Cambio de estado exitoso para reserva 31 a estado EN_USO
Obtenidas 1 mesas para reserva 31
Estado de mesas cambiado correctamente
]]></system-out>
    <system-err><![CDATA[jul. 02, 2025 6:51:44 A. M. pe.edu.pucp.softres.daoImp.DAOImplBase ejecutarModificacionEnBD
INFO: com.mysql.cj.jdbc.CallableStatement: UPDATE RES_MESAS SET LOCAL_ID=1, TMESA_ID=1, NUMEROMESA='M-101', CAPACIDAD=2, ESTADO='EN_USO', X=8, Y=4, FECHA_CREACION='2024-02-01 00:00:00', USUARIO_CREACION='admin@empresa.com', FECHA_MODIFICACION='2025-07-02 06:51:43.807', USUARIO_MODIFICACION='sistema_reservas' WHERE MESA_ID=1
]]></system-err>
  </testcase>
  <testcase name="testCambiarEstadoMesasReserva_Validaciones" classname="pe.edu.pucp.softres.business.ReservaxMesaBOTest" time="0.001">
    <system-out><![CDATA[=== Test: Validaciones Cambiar Estado ===
Validaciones de cambio de estado pasaron correctamente
]]></system-out>
    <system-err><![CDATA[ID de reserva inválido para cambiar estado: null
Estado no puede ser null
]]></system-err>
  </testcase>
  <testcase name="testObtenerEstadisticasOcupacion_Success" classname="pe.edu.pucp.softres.business.ReservaxMesaBOTest" time="5.644">
    <system-out><![CDATA[=== Test: Obtener Estadísticas de Ocupación ===
Estadísticas obtenidas para local 1
Estadísticas obtenidas correctamente
DISPONIBLE: 7
RESERVADA: 0
EN_USO: 2
EN_MANTENIMIENTO: 0
DESECHADA: 0
]]></system-out>
  </testcase>
  <testcase name="testLiberarMesasDeReserva_Success" classname="pe.edu.pucp.softres.business.ReservaxMesaBOTest" time="5.655">
    <system-out><![CDATA[=== Test: Liberar Mesas de Reserva ===
Liberación de mesas exitosa para reserva 31
Obtenidas 0 mesas para reserva 31
Mesas liberadas correctamente
]]></system-out>
    <system-err><![CDATA[jul. 02, 2025 6:51:55 A. M. pe.edu.pucp.softres.daoImp.DAOImplBase ejecutarModificacionEnBD
INFO: com.mysql.cj.jdbc.CallableStatement: UPDATE RES_MESAS SET LOCAL_ID=1, TMESA_ID=1, NUMEROMESA='M-101', CAPACIDAD=2, ESTADO='DISPONIBLE', X=8, Y=4, FECHA_CREACION='2024-02-01 00:00:00', USUARIO_CREACION='admin@empresa.com', FECHA_MODIFICACION='2025-07-02 06:51:54.858', USUARIO_MODIFICACION='sistema_liberacion' WHERE MESA_ID=1
jul. 02, 2025 6:51:56 A. M. pe.edu.pucp.softres.daoImp.DAOImplBase ejecutarModificacionEnBD
INFO: com.mysql.cj.jdbc.CallableStatement: DELETE FROM RES_RESERVAS_x_MESAS WHERE RESERVA_ID = 31 AND MESA_ID = 1
]]></system-err>
  </testcase>
  <testcase name="testLiberarMesasDeReserva_Validaciones" classname="pe.edu.pucp.softres.business.ReservaxMesaBOTest" time="0.856">
    <system-out><![CDATA[=== Test: Validaciones Liberar Mesas ===
No hay mesas asignadas a la reserva 99999
Validaciones de liberación pasaron correctamente
]]></system-out>
    <system-err><![CDATA[ID de reserva inválido para liberar mesas: null
ID de reserva inválido para liberar mesas: -1
]]></system-err>
  </testcase>
</testsuite>