<?xml version="1.0" encoding="UTF-8"?>
<testsuite xmlns:xsi="http://www.w3.org/2001/XMLSchema-instance" xsi:noNamespaceSchemaLocation="https://maven.apache.org/surefire/maven-surefire-plugin/xsd/surefire-test-report-3.0.xsd" version="3.0" name="pe.edu.pucp.softres.business.ReservaBOTest" time="0.192" tests="5" errors="0" skipped="0" failures="0">
  <properties>
    <property name="java.specification.version" value="21"/>
    <property name="sun.cpu.isalist" value="amd64"/>
    <property name="sun.jnu.encoding" value="Cp1252"/>
    <property name="java.class.path" value="D:\Fernando\UNIVERSIDAD\7 CICLO\PROGRA3\TA\TA_GitHUB\SoftRes_Backend\SoftResBusiness\target\test-classes;D:\Fernando\UNIVERSIDAD\7 CICLO\PROGRA3\TA\TA_GitHUB\SoftRes_Backend\SoftResBusiness\target\classes;C:\Users\Fernando\.m2\repository\pe\edu\pucp\softres\SoftResModel\1.0-SNAPSHOT\SoftResModel-1.0-SNAPSHOT.jar;C:\Users\Fernando\.m2\repository\com\fasterxml\jackson\core\jackson-annotations\2.19.0\jackson-annotations-2.19.0.jar;C:\Users\Fernando\.m2\repository\pe\edu\pucp\softres\SoftResParametros\1.0-SNAPSHOT\SoftResParametros-1.0-SNAPSHOT.jar;C:\Users\Fernando\.m2\repository\pe\edu\pucp\Softres\SoftResModel\1.0-SNAPSHOT\SoftResModel-1.0-SNAPSHOT.jar;C:\Users\Fernando\.m2\repository\pe\edu\pucp\softres\SoftResPersistence\1.0-SNAPSHOT\SoftResPersistence-1.0-SNAPSHOT.jar;C:\Users\Fernando\.m2\repository\pe\edu\pucp\Softres\SoftResParametros\1.0-SNAPSHOT\SoftResParametros-1.0-SNAPSHOT.jar;C:\Users\Fernando\.m2\repository\pe\edu\pucp\Softres\SoftResDBManager\1.0-SNAPSHOT\SoftResDBManager-1.0-SNAPSHOT.jar;C:\Users\Fernando\.m2\repository\commons-codec\commons-codec\1.18.0\commons-codec-1.18.0.jar;C:\Users\Fernando\.m2\repository\com\mysql\mysql-connector-j\9.2.0\mysql-connector-j-9.2.0.jar;C:\Users\Fernando\.m2\repository\com\google\protobuf\protobuf-java\4.29.0\protobuf-java-4.29.0.jar;C:\Users\Fernando\.m2\repository\org\junit\jupiter\junit-jupiter-api\5.6.0\junit-jupiter-api-5.6.0.jar;C:\Users\Fernando\.m2\repository\org\apiguardian\apiguardian-api\1.1.0\apiguardian-api-1.1.0.jar;C:\Users\Fernando\.m2\repository\org\opentest4j\opentest4j\1.2.0\opentest4j-1.2.0.jar;C:\Users\Fernando\.m2\repository\org\junit\platform\junit-platform-commons\1.6.0\junit-platform-commons-1.6.0.jar;C:\Users\Fernando\.m2\repository\org\junit\jupiter\junit-jupiter-params\5.6.0\junit-jupiter-params-5.6.0.jar;C:\Users\Fernando\.m2\repository\org\junit\jupiter\junit-jupiter-engine\5.6.0\junit-jupiter-engine-5.6.0.jar;C:\Users\Fernando\.m2\repository\org\junit\platform\junit-platform-engine\1.6.0\junit-platform-engine-1.6.0.jar;C:\Users\Fernando\.m2\repository\pe\edu\pucp\Softres\SoftResPersistence\1.0-SNAPSHOT\SoftResPersistence-1.0-SNAPSHOT.jar;"/>
    <property name="java.vm.vendor" value="Oracle Corporation"/>
    <property name="sun.arch.data.model" value="64"/>
    <property name="user.variant" value=""/>
    <property name="java.vendor.url" value="https://java.oracle.com/"/>
    <property name="user.timezone" value="America/Lima"/>
    <property name="os.name" value="Windows 10"/>
    <property name="java.vm.specification.version" value="21"/>
    <property name="user.country" value="PE"/>
    <property name="sun.java.launcher" value="SUN_STANDARD"/>
    <property name="sun.boot.library.path" value="C:\Program Files\Java\jdk-21.0.7\bin"/>
    <property name="sun.java.command" value="C:\Users\Fernando\AppData\Local\Temp\surefire17811658187844281017\surefirebooter-20250629184435526_3.jar C:\Users\Fernando\AppData\Local\Temp\surefire17811658187844281017 2025-06-29T18-44-35_348-jvmRun1 surefire-20250629184435526_1tmp surefire_0-20250629184435526_2tmp"/>
    <property name="jdk.debug" value="release"/>
    <property name="surefire.test.class.path" value="D:\Fernando\UNIVERSIDAD\7 CICLO\PROGRA3\TA\TA_GitHUB\SoftRes_Backend\SoftResBusiness\target\test-classes;D:\Fernando\UNIVERSIDAD\7 CICLO\PROGRA3\TA\TA_GitHUB\SoftRes_Backend\SoftResBusiness\target\classes;C:\Users\Fernando\.m2\repository\pe\edu\pucp\softres\SoftResModel\1.0-SNAPSHOT\SoftResModel-1.0-SNAPSHOT.jar;C:\Users\Fernando\.m2\repository\com\fasterxml\jackson\core\jackson-annotations\2.19.0\jackson-annotations-2.19.0.jar;C:\Users\Fernando\.m2\repository\pe\edu\pucp\softres\SoftResParametros\1.0-SNAPSHOT\SoftResParametros-1.0-SNAPSHOT.jar;C:\Users\Fernando\.m2\repository\pe\edu\pucp\Softres\SoftResModel\1.0-SNAPSHOT\SoftResModel-1.0-SNAPSHOT.jar;C:\Users\Fernando\.m2\repository\pe\edu\pucp\softres\SoftResPersistence\1.0-SNAPSHOT\SoftResPersistence-1.0-SNAPSHOT.jar;C:\Users\Fernando\.m2\repository\pe\edu\pucp\Softres\SoftResParametros\1.0-SNAPSHOT\SoftResParametros-1.0-SNAPSHOT.jar;C:\Users\Fernando\.m2\repository\pe\edu\pucp\Softres\SoftResDBManager\1.0-SNAPSHOT\SoftResDBManager-1.0-SNAPSHOT.jar;C:\Users\Fernando\.m2\repository\commons-codec\commons-codec\1.18.0\commons-codec-1.18.0.jar;C:\Users\Fernando\.m2\repository\com\mysql\mysql-connector-j\9.2.0\mysql-connector-j-9.2.0.jar;C:\Users\Fernando\.m2\repository\com\google\protobuf\protobuf-java\4.29.0\protobuf-java-4.29.0.jar;C:\Users\Fernando\.m2\repository\org\junit\jupiter\junit-jupiter-api\5.6.0\junit-jupiter-api-5.6.0.jar;C:\Users\Fernando\.m2\repository\org\apiguardian\apiguardian-api\1.1.0\apiguardian-api-1.1.0.jar;C:\Users\Fernando\.m2\repository\org\opentest4j\opentest4j\1.2.0\opentest4j-1.2.0.jar;C:\Users\Fernando\.m2\repository\org\junit\platform\junit-platform-commons\1.6.0\junit-platform-commons-1.6.0.jar;C:\Users\Fernando\.m2\repository\org\junit\jupiter\junit-jupiter-params\5.6.0\junit-jupiter-params-5.6.0.jar;C:\Users\Fernando\.m2\repository\org\junit\jupiter\junit-jupiter-engine\5.6.0\junit-jupiter-engine-5.6.0.jar;C:\Users\Fernando\.m2\repository\org\junit\platform\junit-platform-engine\1.6.0\junit-platform-engine-1.6.0.jar;C:\Users\Fernando\.m2\repository\pe\edu\pucp\Softres\SoftResPersistence\1.0-SNAPSHOT\SoftResPersistence-1.0-SNAPSHOT.jar;"/>
    <property name="sun.cpu.endian" value="little"/>
    <property name="user.home" value="C:\Users\Fernando"/>
    <property name="user.language" value="es"/>
    <property name="java.specification.vendor" value="Oracle Corporation"/>
    <property name="java.version.date" value="2025-04-15"/>
    <property name="java.home" value="C:\Program Files\Java\jdk-21.0.7"/>
    <property name="file.separator" value="\"/>
    <property name="basedir" value="D:\Fernando\UNIVERSIDAD\7 CICLO\PROGRA3\TA\TA_GitHUB\SoftRes_Backend\SoftResBusiness"/>
    <property name="java.vm.compressedOopsMode" value="32-bit"/>
    <property name="line.separator" value="&#10;"/>
    <property name="java.vm.specification.vendor" value="Oracle Corporation"/>
    <property name="java.specification.name" value="Java Platform API Specification"/>
    <property name="surefire.real.class.path" value="C:\Users\Fernando\AppData\Local\Temp\surefire17811658187844281017\surefirebooter-20250629184435526_3.jar"/>
    <property name="user.script" value=""/>
    <property name="sun.management.compiler" value="HotSpot 64-Bit Tiered Compilers"/>
    <property name="java.runtime.version" value="21.0.7+8-LTS-245"/>
    <property name="user.name" value="Fernando"/>
    <property name="stdout.encoding" value="Cp1252"/>
    <property name="path.separator" value=";"/>
    <property name="os.version" value="10.0"/>
    <property name="java.runtime.name" value="Java(TM) SE Runtime Environment"/>
    <property name="file.encoding" value="UTF-8"/>
    <property name="java.vm.name" value="Java HotSpot(TM) 64-Bit Server VM"/>
    <property name="maven.ext.class.path" value="C:\Program Files\NetBeans-21\netbeans\java\maven-nblib\netbeans-eventspy.jar"/>
    <property name="localRepository" value="C:\Users\Fernando\.m2\repository"/>
    <property name="java.vendor.url.bug" value="https://bugreport.java.com/bugreport/"/>
    <property name="java.io.tmpdir" value="C:\Users\Fernando\AppData\Local\Temp\"/>
    <property name="java.version" value="21.0.7"/>
    <property name="user.dir" value="D:\Fernando\UNIVERSIDAD\7 CICLO\PROGRA3\TA\TA_GitHUB\SoftRes_Backend\SoftResBusiness"/>
    <property name="os.arch" value="amd64"/>
    <property name="java.vm.specification.name" value="Java Virtual Machine Specification"/>
    <property name="sun.os.patch.level" value=""/>
    <property name="native.encoding" value="Cp1252"/>
    <property name="java.library.path" value="C:\Program Files\Java\jdk-21.0.7\bin;C:\Windows\Sun\Java\bin;C:\Windows\system32;C:\Windows;C:\Program Files\Java\jdk-21.0.7;C:\Program Files\Java\jdk-21.0.7\bin;C:\Windows\system32;C:\Windows;C:\Windows\System32\Wbem;C:\Windows\System32\WindowsPowerShell\v1.0\;C:\Windows\System32\OpenSSH\;C:\MinGw\bin;C:\MinGW\MSYS\1.0\bin;C:\Program Files\dotnet\;C:\Windows\Microsoft.NET\Framework64\v4.0.30319;C:\Program Files\Git\cmd;C:\Program Files\Microsoft SQL Server\150\Tools\Binn\;C:\Program Files\Microsoft SQL Server\Client SDK\ODBC\170\Tools\Binn\;C:\Users\Fernando\AppData\Local\Microsoft\WindowsApps;D:\Fernando\VSC\Microsoft VS Code\bin;C:\Users\Fernando\.dotnet\tools;."/>
    <property name="java.vm.info" value="mixed mode, sharing"/>
    <property name="stderr.encoding" value="Cp1252"/>
    <property name="java.vendor" value="Oracle Corporation"/>
    <property name="java.vm.version" value="21.0.7+8-LTS-245"/>
    <property name="sun.io.unicode.encoding" value="UnicodeLittle"/>
    <property name="java.class.version" value="65.0"/>
  </properties>
  <testcase name="testInsertar" classname="pe.edu.pucp.softres.business.ReservaBOTest" time="0.031">
    <system-err><![CDATA[jun. 29, 2025 6:44:38 P.Â M. pe.edu.pucp.softres.daoImp.DAOImplBase ejecutarModificacionEnBD
INFO: com.mysql.cj.jdbc.CallableStatement: INSERT INTO RES_RESERVAS(USUARIO_ID, LOCAL_ID, FILA_ID, TIPO_RESERVA, FECHA_HORA_REGISTRO, CANT_PERSONAS, TMESA_ID, NUM_MESAS, OBSERVACIONES, ESTADO, MOTIVO_CANCELACION_ID, NOMBRE_EVENTO, DESCP_EVENTO, FECHA_CREACION, USUARIO_CREACION, FECHA_MODIFICACION, USUARIO_MODIFICACION) VALUES (2, 1, 2, 'COMUN', '2025-06-29 18:44:38.006', 3, 2, 1, 'reserva comun test', 'PENDIENTE', NULL, NULL, NULL, '2025-06-29 18:44:38.006', 'test_insercion', NULL, NULL)
jun. 29, 2025 6:44:38 P.Â M. pe.edu.pucp.softres.daoImp.DAOImplBase ejecutarModificacionEnBD
INFO: com.mysql.cj.jdbc.CallableStatement: INSERT INTO RES_RESERVAS(USUARIO_ID, LOCAL_ID, FILA_ID, TIPO_RESERVA, FECHA_HORA_REGISTRO, CANT_PERSONAS, TMESA_ID, NUM_MESAS, OBSERVACIONES, ESTADO, MOTIVO_CANCELACION_ID, NOMBRE_EVENTO, DESCP_EVENTO, FECHA_CREACION, USUARIO_CREACION, FECHA_MODIFICACION, USUARIO_MODIFICACION) VALUES (2, 1, 2, 'EVENTO', '2025-06-29 18:44:38.006', 3, 2, 1, 'reserva evento test', 'PENDIENTE', NULL, 'Evento test', 'descripcion evento test', '2025-06-29 18:44:38.006', 'test_insercion', NULL, NULL)
]]></system-err>
  </testcase>
  <testcase name="testObtenerPorId" classname="pe.edu.pucp.softres.business.ReservaBOTest" time="0.017"/>
  <testcase name="testModificar" classname="pe.edu.pucp.softres.business.ReservaBOTest" time="0.047">
    <system-err><![CDATA[jun. 29, 2025 6:44:38 P.Â M. pe.edu.pucp.softres.daoImp.DAOImplBase ejecutarModificacionEnBD
INFO: com.mysql.cj.jdbc.CallableStatement: UPDATE RES_RESERVAS SET USUARIO_ID=2, LOCAL_ID=1, FILA_ID=2, TIPO_RESERVA='COMUN', FECHA_HORA_REGISTRO='2025-06-29 18:44:38', CANT_PERSONAS=3, TMESA_ID=2, NUM_MESAS=1, OBSERVACIONES='reserva comun test modificado', ESTADO='PENDIENTE', MOTIVO_CANCELACION_ID=NULL, NOMBRE_EVENTO=NULL, DESCP_EVENTO=NULL, FECHA_CREACION='2025-06-29 18:44:38', USUARIO_CREACION='test_insercion', FECHA_MODIFICACION='2025-06-29 18:44:38.059', USUARIO_MODIFICACION='test_modificacion' WHERE RESERVA_ID=13
jun. 29, 2025 6:44:38 P.Â M. pe.edu.pucp.softres.daoImp.DAOImplBase ejecutarModificacionEnBD
INFO: com.mysql.cj.jdbc.CallableStatement: UPDATE RES_RESERVAS SET USUARIO_ID=2, LOCAL_ID=1, FILA_ID=2, TIPO_RESERVA='EVENTO', FECHA_HORA_REGISTRO='2025-06-29 18:44:38', CANT_PERSONAS=3, TMESA_ID=2, NUM_MESAS=1, OBSERVACIONES='reserva evento test modificado', ESTADO='PENDIENTE', MOTIVO_CANCELACION_ID=NULL, NOMBRE_EVENTO='Evento test', DESCP_EVENTO='descripcion evento test', FECHA_CREACION='2025-06-29 18:44:38', USUARIO_CREACION='test_insercion', FECHA_MODIFICACION='2025-06-29 18:44:38.081', USUARIO_MODIFICACION='test_modificacion' WHERE RESERVA_ID=14
]]></system-err>
  </testcase>
  <testcase name="testListar" classname="pe.edu.pucp.softres.business.ReservaBOTest" time="0.013"/>
  <testcase name="testEliminar" classname="pe.edu.pucp.softres.business.ReservaBOTest" time="0.08">
    <system-err><![CDATA[jun. 29, 2025 6:44:38 P.Â M. pe.edu.pucp.softres.daoImp.DAOImplBase ejecutarModificacionEnBD
INFO: com.mysql.cj.jdbc.CallableStatement: UPDATE RES_RESERVAS SET ESTADO = 'CANCELADA' , FECHA_MODIFICACION = '2025-06-29 18:44:38.13' , USUARIO_MODIFICACION = 'test_eliminar' , MOTIVO_CANCELACION_ID = 2  WHERE RESERVA_ID = 13
jun. 29, 2025 6:44:38 P.Â M. pe.edu.pucp.softres.daoImp.DAOImplBase ejecutarModificacionEnBD
INFO: com.mysql.cj.jdbc.CallableStatement: UPDATE RES_RESERVAS SET ESTADO = 'CANCELADA' , FECHA_MODIFICACION = '2025-06-29 18:44:38.171' , USUARIO_MODIFICACION = 'test_eliminar' , MOTIVO_CANCELACION_ID = 1  WHERE RESERVA_ID = 14
]]></system-err>
  </testcase>
</testsuite>